<?xml version="1.0" encoding="utf-8"?><testsuites name="pytest tests"><testsuite name="pytest" errors="0" failures="0" skipped="0" tests="18" time="2.505" timestamp="2026-05-04T12:22:16.318556+00:00" hostname="agent-env-4b5fd38f-8131-4325-a03e-1a926cacce61"><testcase classname="backend.tests.test_clone_smoke_iter3" name="test_health_internal" time="0.024" /><testcase classname="backend.tests.test_clone_smoke_iter3" name="test_admin_login" time="0.152" /><testcase classname="backend.tests.test_clone_smoke_iter3" name="test_user_register_and_login" time="0.753" /><testcase classname="backend.tests.test_clone_smoke_iter3" name="test_auth_me" time="0.082" /><testcase classname="backend.tests.test_clone_smoke_iter3" name="test_admin_users_list" time="0.095" /><testcase classname="backend.tests.test_clone_smoke_iter3" name="test_admin_stats" time="0.094" /><testcase classname="backend.tests.test_clone_smoke_iter3" name="test_admin_system_check" time="0.184" /><testcase classname="backend.tests.test_clone_smoke_iter3" name="test_admin_ua_versions" time="0.088" /><testcase classname="backend.tests.test_clone_smoke_iter3" name="test_branding_public" time="0.097" /><testcase classname="backend.tests.test_clone_smoke_iter3" name="test_ai_settings" time="0.087" /><testcase classname="backend.tests.test_clone_smoke_iter3" name="test_user_notification_settings" time="0.104" /><testcase classname="backend.tests.test_clone_smoke_iter3" name="test_sub_users_list" time="0.081" /><testcase classname="backend.tests.test_clone_smoke_iter3" name="test_form_filler_jobs" time="0.091" /><testcase classname="backend.tests.test_clone_smoke_iter3" name="test_rut_engine_status" time="0.087" /><testcase classname="backend.tests.test_clone_smoke_iter3" name="test_rut_jobs_list" time="0.085" /><testcase classname="backend.tests.test_clone_smoke_iter3" name="test_cpi_offers_admin" time="0.097" /><testcase classname="backend.tests.test_clone_smoke_iter3" name="test_cpi_offers_user" time="0.089" /><testcase classname="backend.tests.test_clone_smoke_iter3" name="test_cpi_dashboard_stats_admin" time="0.090" /></testsuite></testsuites>