<?xml version="1.0" encoding="utf-8"?><testsuites name="pytest tests"><testsuite name="pytest" errors="0" failures="2" skipped="0" tests="17" time="1.480" timestamp="2026-05-04T18:45:51.084785+00:00" hostname="agent-env-4b5fd38f-8131-4325-a03e-1a926cacce61"><testcase classname="backend.tests.test_iteration5_docker_overhaul_regression" name="test_health_internal" time="0.023" /><testcase classname="backend.tests.test_iteration5_docker_overhaul_regression" name="test_admin_login_returns_token" time="0.006" /><testcase classname="backend.tests.test_iteration5_docker_overhaul_regression" name="test_admin_login_wrong_password" time="0.002" /><testcase classname="backend.tests.test_iteration5_docker_overhaul_regression" name="test_admin_protected_endpoints_smoke[/api/admin/users]" time="0.007" /><testcase classname="backend.tests.test_iteration5_docker_overhaul_regression" name="test_admin_protected_endpoints_smoke[/api/admin/stats]" time="0.006" /><testcase classname="backend.tests.test_iteration5_docker_overhaul_regression" name="test_admin_protected_endpoints_smoke[/api/admin/system-check]" time="0.106" /><testcase classname="backend.tests.test_iteration5_docker_overhaul_regression" name="test_admin_protected_endpoints_smoke[/api/admin/ua-versions]" time="0.003" /><testcase classname="backend.tests.test_iteration5_docker_overhaul_regression" name="test_branding_app_name" time="0.007" /><testcase classname="backend.tests.test_iteration5_docker_overhaul_regression" name="test_rut_engine_status" time="0.003" /><testcase classname="backend.tests.test_iteration5_docker_overhaul_regression" name="test_rut_jobs_listing" time="0.003" /><testcase classname="backend.tests.test_iteration5_docker_overhaul_regression" name="test_cpi_endpoints_mounted[/api/cpi/offers]" time="0.003" /><testcase classname="backend.tests.test_iteration5_docker_overhaul_regression" name="test_cpi_endpoints_mounted[/api/cpi/dashboard/stats]" time="0.003" /><testcase classname="backend.tests.test_iteration5_docker_overhaul_regression" name="test_sub_users_listing" time="0.003" /><testcase classname="backend.tests.test_iteration5_docker_overhaul_regression" name="test_form_filler_jobs_listing" time="0.003" /><testcase classname="backend.tests.test_iteration5_docker_overhaul_regression" name="test_user_login_and_me" time="0.680" /><testcase classname="backend.tests.test_iteration5_docker_overhaul_regression" name="test_rut_post_concurrency_above_cap_rejected" time="0.234"><failure message="AssertionError: unexpected 422 {&quot;detail&quot;:[{&quot;type&quot;:&quot;missing&quot;,&quot;loc&quot;:[&quot;body&quot;,&quot;link_id&quot;],&quot;msg&quot;:&quot;Field required&quot;,&quot;input&quot;:null}]}&#10;assert 422 in (400, 403)&#10; +  where 422 = &lt;Response [422]&gt;.status_code">backend/tests/test_iteration5_docker_overhaul_regression.py:226: in test_rut_post_concurrency_above_cap_rejected
    assert rr.status_code in (400, 403), f"unexpected {rr.status_code} {rr.text[:300]}"
E   AssertionError: unexpected 422 {"detail":[{"type":"missing","loc":["body","link_id"],"msg":"Field required","input":null}]}
E   assert 422 in (400, 403)
E    +  where 422 = &lt;Response [422]&gt;.status_code</failure></testcase><testcase classname="backend.tests.test_iteration5_docker_overhaul_regression" name="test_rut_post_accepts_fast_mode_field_no_422" time="0.240"><failure message="AssertionError: fast_mode field rejected by schema: {&quot;detail&quot;:[{&quot;type&quot;:&quot;missing&quot;,&quot;loc&quot;:[&quot;body&quot;,&quot;link_id&quot;],&quot;msg&quot;:&quot;Field required&quot;,&quot;input&quot;:null}]}&#10;assert 422 != 422&#10; +  where 422 = &lt;Response [422]&gt;.status_code">backend/tests/test_iteration5_docker_overhaul_regression.py:252: in test_rut_post_accepts_fast_mode_field_no_422
    assert rr.status_code != 422, f"fast_mode field rejected by schema: {rr.text[:300]}"
E   AssertionError: fast_mode field rejected by schema: {"detail":[{"type":"missing","loc":["body","link_id"],"msg":"Field required","input":null}]}
E   assert 422 != 422
E    +  where 422 = &lt;Response [422]&gt;.status_code</failure></testcase></testsuite></testsuites>