<?xml version="1.0" encoding="utf-8"?><testsuites name="pytest tests"><testsuite name="pytest" errors="0" failures="0" skipped="0" tests="50" time="8.025" timestamp="2026-05-04T18:46:30.338292+00:00" hostname="agent-env-4b5fd38f-8131-4325-a03e-1a926cacce61"><testcase classname="backend.tests.test_iteration5_docker_overhaul_regression" name="test_health_internal" time="0.022" /><testcase classname="backend.tests.test_iteration5_docker_overhaul_regression" name="test_admin_login_returns_token" time="0.006" /><testcase classname="backend.tests.test_iteration5_docker_overhaul_regression" name="test_admin_login_wrong_password" time="0.002" /><testcase classname="backend.tests.test_iteration5_docker_overhaul_regression" name="test_admin_protected_endpoints_smoke[/api/admin/users]" time="0.007" /><testcase classname="backend.tests.test_iteration5_docker_overhaul_regression" name="test_admin_protected_endpoints_smoke[/api/admin/stats]" time="0.005" /><testcase classname="backend.tests.test_iteration5_docker_overhaul_regression" name="test_admin_protected_endpoints_smoke[/api/admin/system-check]" time="0.103" /><testcase classname="backend.tests.test_iteration5_docker_overhaul_regression" name="test_admin_protected_endpoints_smoke[/api/admin/ua-versions]" time="0.003" /><testcase classname="backend.tests.test_iteration5_docker_overhaul_regression" name="test_branding_app_name" time="0.003" /><testcase classname="backend.tests.test_iteration5_docker_overhaul_regression" name="test_rut_engine_status" time="0.002" /><testcase classname="backend.tests.test_iteration5_docker_overhaul_regression" name="test_rut_jobs_listing" time="0.002" /><testcase classname="backend.tests.test_iteration5_docker_overhaul_regression" name="test_cpi_endpoints_mounted[/api/cpi/offers]" time="0.003" /><testcase classname="backend.tests.test_iteration5_docker_overhaul_regression" name="test_cpi_endpoints_mounted[/api/cpi/dashboard/stats]" time="0.003" /><testcase classname="backend.tests.test_iteration5_docker_overhaul_regression" name="test_sub_users_listing" time="0.002" /><testcase classname="backend.tests.test_iteration5_docker_overhaul_regression" name="test_form_filler_jobs_listing" time="0.002" /><testcase classname="backend.tests.test_iteration5_docker_overhaul_regression" name="test_user_login_and_me" time="0.663" /><testcase classname="backend.tests.test_rebrand_iter4" name="test_health_internal_shows_realtraffic_admin_email" time="0.001" /><testcase classname="backend.tests.test_rebrand_iter4" name="test_admin_login_new_credentials" time="0.132" /><testcase classname="backend.tests.test_rebrand_iter4" name="test_admin_login_old_credentials_rejected" time="0.165" /><testcase classname="backend.tests.test_rebrand_iter4" name="test_branding_app_name_is_realtraffic" time="0.203" /><testcase classname="backend.tests.test_rebrand_iter4" name="test_user_login_and_me" time="1.446" /><testcase classname="backend.tests.test_rebrand_iter4" name="test_admin_users_list" time="0.106" /><testcase classname="backend.tests.test_rebrand_iter4" name="test_admin_stats" time="0.205" /><testcase classname="backend.tests.test_rebrand_iter4" name="test_admin_system_check" time="0.111" /><testcase classname="backend.tests.test_rebrand_iter4" name="test_cpi_offers_mounted" time="0.106" /><testcase classname="backend.tests.test_rebrand_iter4" name="test_cpi_dashboard_stats_mounted" time="0.111" /><testcase classname="backend.tests.test_rebrand_iter4" name="test_cpi_admin_token_is_not_user_context" time="0.119" /><testcase classname="backend.tests.test_rebrand_iter4" name="test_sub_users_list" time="0.110" /><testcase classname="backend.tests.test_rebrand_iter4" name="test_form_filler_jobs" time="0.113" /><testcase classname="backend.tests.test_rebrand_iter4" name="test_rut_engine_status" time="0.173" /><testcase classname="backend.tests.test_rebrand_iter4" name="test_rut_jobs_list" time="0.109" /><testcase classname="backend.tests.test_rebrand_iter4" name="test_rut_concurrency_20_rejected" time="0.309" /><testcase classname="backend.tests.test_rebrand_iter4" name="test_rut_concurrency_15_and_fast_mode_accepted" time="0.148" /><testcase classname="backend.tests.test_clone_smoke_iter3" name="test_health_internal" time="0.003" /><testcase classname="backend.tests.test_clone_smoke_iter3" name="test_admin_login" time="0.130" /><testcase classname="backend.tests.test_clone_smoke_iter3" name="test_user_register_and_login" time="1.093" /><testcase classname="backend.tests.test_clone_smoke_iter3" name="test_auth_me" time="0.128" /><testcase classname="backend.tests.test_clone_smoke_iter3" name="test_admin_users_list" time="0.105" /><testcase classname="backend.tests.test_clone_smoke_iter3" name="test_admin_stats" time="0.155" /><testcase classname="backend.tests.test_clone_smoke_iter3" name="test_admin_system_check" time="0.115" /><testcase classname="backend.tests.test_clone_smoke_iter3" name="test_admin_ua_versions" time="0.126" /><testcase classname="backend.tests.test_clone_smoke_iter3" name="test_branding_public" time="0.129" /><testcase classname="backend.tests.test_clone_smoke_iter3" name="test_ai_settings" time="0.105" /><testcase classname="backend.tests.test_clone_smoke_iter3" name="test_user_notification_settings" time="0.127" /><testcase classname="backend.tests.test_clone_smoke_iter3" name="test_sub_users_list" time="0.135" /><testcase classname="backend.tests.test_clone_smoke_iter3" name="test_form_filler_jobs" time="0.124" /><testcase classname="backend.tests.test_clone_smoke_iter3" name="test_rut_engine_status" time="0.096" /><testcase classname="backend.tests.test_clone_smoke_iter3" name="test_rut_jobs_list" time="0.095" /><testcase classname="backend.tests.test_clone_smoke_iter3" name="test_cpi_offers_admin" time="0.124" /><testcase classname="backend.tests.test_clone_smoke_iter3" name="test_cpi_offers_user" time="0.113" /><testcase classname="backend.tests.test_clone_smoke_iter3" name="test_cpi_dashboard_stats_admin" time="0.115" /></testsuite></testsuites>