<?xml version="1.0" encoding="utf-8"?><testsuites name="pytest tests"><testsuite name="pytest" errors="0" failures="0" skipped="0" tests="17" time="3.600" timestamp="2026-05-04T17:23:23.954566+00:00" hostname="agent-env-4b5fd38f-8131-4325-a03e-1a926cacce61"><testcase classname="backend.tests.test_rebrand_iter4" name="test_health_internal_shows_realtraffic_admin_email" time="0.022" /><testcase classname="backend.tests.test_rebrand_iter4" name="test_admin_login_new_credentials" time="0.098" /><testcase classname="backend.tests.test_rebrand_iter4" name="test_admin_login_old_credentials_rejected" time="0.097" /><testcase classname="backend.tests.test_rebrand_iter4" name="test_branding_app_name_is_realtraffic" time="0.115" /><testcase classname="backend.tests.test_rebrand_iter4" name="test_user_login_and_me" time="1.307" /><testcase classname="backend.tests.test_rebrand_iter4" name="test_admin_users_list" time="0.124" /><testcase classname="backend.tests.test_rebrand_iter4" name="test_admin_stats" time="0.097" /><testcase classname="backend.tests.test_rebrand_iter4" name="test_admin_system_check" time="0.265" /><testcase classname="backend.tests.test_rebrand_iter4" name="test_cpi_offers_mounted" time="0.145" /><testcase classname="backend.tests.test_rebrand_iter4" name="test_cpi_dashboard_stats_mounted" time="0.089" /><testcase classname="backend.tests.test_rebrand_iter4" name="test_cpi_admin_token_is_not_user_context" time="0.103" /><testcase classname="backend.tests.test_rebrand_iter4" name="test_sub_users_list" time="0.094" /><testcase classname="backend.tests.test_rebrand_iter4" name="test_form_filler_jobs" time="0.082" /><testcase classname="backend.tests.test_rebrand_iter4" name="test_rut_engine_status" time="0.094" /><testcase classname="backend.tests.test_rebrand_iter4" name="test_rut_jobs_list" time="0.117" /><testcase classname="backend.tests.test_rebrand_iter4" name="test_rut_concurrency_20_rejected" time="0.183" /><testcase classname="backend.tests.test_rebrand_iter4" name="test_rut_concurrency_15_and_fast_mode_accepted" time="0.152" /></testsuite></testsuites>